<?xml version="1.0" encoding="UTF-8"?>
<!-- Generated by org.testng.reporters.JUnitXMLReporter -->
<testsuite hostname="shahar-laptop" name="Test" tests="1" failures="0" timestamp="24 Jun 2017 21:00:05 GMT" time="0.045" errors="0">
  <testcase name="@BeforeTest startTest" time="0.0" classname="aaa.NewTest">
    <failure type="java.lang.NoClassDefFoundError" message="freemarker/template/TemplateModelException">
      <![CDATA[java.lang.NoClassDefFoundError: freemarker/template/TemplateModelException
	at aaa.NewTest.startTest(NewTest.java:35)
Caused by: java.lang.ClassNotFoundException: freemarker.template.TemplateModelException
	at java.net.URLClassLoader.findClass(Unknown Source)
	at java.lang.ClassLoader.loadClass(Unknown Source)
	at sun.misc.Launcher$AppClassLoader.loadClass(Unknown Source)
	at java.lang.ClassLoader.loadClass(Unknown Source)
	... 23 more
... Removed 22 stack frames]]>
    </failure>
  </testcase> <!-- @BeforeTest startTest -->
  <testcase name="@AfterTest closeBroswer" time="0.0" classname="aaa.NewTest">
    <skipped/>
  </testcase> <!-- @AfterTest closeBroswer -->
  <testcase name="f" time="0.002" classname="aaa.NewTest">
    <skipped/>
  </testcase> <!-- f -->
</testsuite> <!-- Test -->
