<?xml version="1.0" encoding="UTF-8"?>
<testng-results skipped="0" failed="0" total="1" passed="1">
  <reporter-output>
  </reporter-output>
  <suite name="Default suite" duration-ms="9684" started-at="2017-08-11T13:19:44Z" finished-at="2017-08-11T13:19:54Z">
    <groups>
    </groups>
    <test name="Default test" duration-ms="9684" started-at="2017-08-11T13:19:44Z" finished-at="2017-08-11T13:19:54Z">
      <class name="exercise.RadioButton">
        <test-method status="PASS" signature="initTest()[pri:0, instance:exercise.RadioButton@77caeb3e]" name="initTest" is-config="true" duration-ms="8222" started-at="2017-08-11T16:19:44Z" finished-at="2017-08-11T16:19:52Z">
          <reporter-output>
          </reporter-output>
        </test-method> <!-- initTest -->
        <test-method status="PASS" signature="testRadioButton()[pri:0, instance:exercise.RadioButton@77caeb3e]" name="testRadioButton" duration-ms="421" started-at="2017-08-11T16:19:52Z" finished-at="2017-08-11T16:19:53Z">
          <reporter-output>
          </reporter-output>
        </test-method> <!-- testRadioButton -->
        <test-method status="PASS" signature="closeBroswer()[pri:0, instance:exercise.RadioButton@77caeb3e]" name="closeBroswer" is-config="true" duration-ms="1018" started-at="2017-08-11T16:19:53Z" finished-at="2017-08-11T16:19:54Z">
          <reporter-output>
          </reporter-output>
        </test-method> <!-- closeBroswer -->
      </class> <!-- exercise.RadioButton -->
    </test> <!-- Default test -->
  </suite> <!-- Default suite -->
</testng-results>
