<?xml version="1.0" encoding="UTF-8"?>
<testng-results skipped="0" failed="0" total="1" passed="1">
  <reporter-output>
  </reporter-output>
  <suite name="Default suite" duration-ms="32794" started-at="2017-07-29T08:41:08Z" finished-at="2017-07-29T08:41:41Z">
    <groups>
    </groups>
    <test name="Default test" duration-ms="32794" started-at="2017-07-29T08:41:08Z" finished-at="2017-07-29T08:41:41Z">
      <class name="aaa.NewTest">
        <test-method status="PASS" signature="startTest()[pri:0, instance:aaa.NewTest@735b5592]" name="startTest" is-config="true" duration-ms="490" started-at="2017-07-29T11:41:08Z" finished-at="2017-07-29T11:41:08Z">
          <reporter-output>
          </reporter-output>
        </test-method> <!-- startTest -->
        <test-method status="PASS" signature="f()[pri:0, instance:aaa.NewTest@735b5592]" name="f" duration-ms="29702" started-at="2017-07-29T11:41:08Z" finished-at="2017-07-29T11:41:38Z">
          <reporter-output>
          </reporter-output>
        </test-method> <!-- f -->
        <test-method status="PASS" signature="closeBroswer()[pri:0, instance:aaa.NewTest@735b5592]" name="closeBroswer" is-config="true" duration-ms="2542" started-at="2017-07-29T11:41:38Z" finished-at="2017-07-29T11:41:41Z">
          <reporter-output>
          </reporter-output>
        </test-method> <!-- closeBroswer -->
      </class> <!-- aaa.NewTest -->
    </test> <!-- Default test -->
  </suite> <!-- Default suite -->
</testng-results>
